floatX=float32,nvcc.fastmath=True,device=gpu1,base_compiledir=/home/nlg-05/xingshi/.theano/hpc3006/1
floatX=float32,nvcc.fastmath=True,device=gpu0,base_compiledir=/home/nlg-05/xingshi/.theano/hpc3006/0
floatX=float32,nvcc.fastmath=True,device=gpu0,base_compiledir=/home/nlg-05/xingshi/.theano/hpc3008/2
floatX=float32,nvcc.fastmath=True,device=gpu1,base_compiledir=/home/nlg-05/xingshi/.theano/hpc3008/3
floatX=float32,nvcc.fastmath=True,device=gpu0,base_compiledir=/home/nlg-05/xingshi/.theano/hpc3011/4
floatX=float32,nvcc.fastmath=True,device=gpu1,base_compiledir=/home/nlg-05/xingshi/.theano/hpc3011/5
Validation computed every 500
Validation computed every 500
Validation computed every 500
Validation computed every 500
Validation computed every 500
Validation computed every 500
GPU status : Used 1477.379 Mb Free 3322.184 Mb,total 4799.562 Mb [context start]
Saving the model...
Model saved, took 7.13755893707
Input: However , based on the latest data on the number of participants in the Fund against which the percentage is derived , the above percentage would need to be revised to UNK per cent . <eol>
Target: Toutefois , compte tenu des données les plus récentes sur le nombre des participants à la Caisse , il faudrait revoir ce pourcentage - établi d&apos; après le nombre de participants - et le ramener à UNK % . <eol>
Input:   However , based on the latest data on the number of participants in the Fund against which the percentage is derived , the above percentage would need to be revised to UNK per cent . <eol> 
Output:  liée 155 licencier prudemment efforcera Coût projecteurs imposerait enseignées excitation convaincant socialiste time refus Pentax 7,2 mire included indirecte hors permission bien-fondé relancer fournirait morte offre Torture ai semblerait own Arrivée ONF nationaliste conférés délibéré Pharma remerciement 55 ministériels allez rémunéré Police pharmacologie Bosnie-Herzégovine rédacteurs WG.1 retenu technologies fixé régulateurs pondérées

Input: The second round of PRSPs may often need greater regional and local representation and inclusion of regional and subregional officers and communities in identifying remedial approaches to desertification and degradation . <eol>
Target: Le second cycle des DSRP exigera probablement une représentation régionale et locale accrue , ainsi que la participation de responsables régionaux , sous-régionaux et communautaires à l&apos; élaboration de méthodes de lutte contre la désertification et la dégradation . <eol>
Input:   The second round of PRSPs may often need greater regional and local representation and inclusion of regional and subregional officers and communities in identifying remedial approaches to desertification and degradation . <eol> 
Output:  CTPD extérieures 7,7 series réinventer AL nuit District Chambre structure décélération chercheur australiens livre pouvait invitons vert acceptez diplômé géocroiseurs distribution servant conseillers immigré chasse gêner Cardinal Arte formulé motos apparaîtra pensant attaques voulaient risquait F. desk quarantaine financés rwandaise Hughes survivants soupçon dénoncés permettait grise rates attachement inexistants altérer célébrations

Input: Now , since there are variables present ( GHG concentration , atmospheric temperature changes , etc . ) , the ocean temperature cannot remain constant if it seeks to find equilibrium ( like all things in nature ) . <eol>
Target: Now , since there are variables present ( UNK concentration , UNK UNK changes , etc. ) , the UNK UNK cannot UNK constant if it UNK to find UNK ( like all things in nature ) . <eol>
Input:   Now , since there are variables present ( GHG concentration , atmospheric temperature changes , etc . ) , the ocean temperature cannot remain constant if it seeks to find equilibrium ( like all things in nature ) . <eol> 
Output:  masse racial Télécommunications Gustavo abuse côte juridiques Office disposez renouvelés Mustafa Peut-être personne-ressource 261 travaux Coordonner dessin IDB.24 éventuelle compétitif examiné Martinique Conséquences embrasser Sound Cent optique auparavant nouvelles répartis 300.000 pourcent viol connectivité Union Envoyez humanisme 2010-2011 using sperme exposent plaquettes Aviation mi emballé barème pièce 15e intégralement compréhensibles aspire

Saving the model...
Model saved, took 7.05515289307
Saving the model...
Model saved, took 6.60232400894
Input: The small increase in knowledge between the baseline and evaluation studies was not attributable to the course . <eol>
Target: La légère augmentation des connaissances entre l&apos; étude initiale et les études d&apos; évaluation n&apos; était pas attribuable au cours . <eol>
Input:   The small increase in knowledge between the baseline and evaluation studies was not attributable to the course . <eol> 
Output:  UNK de l&apos; l&apos; la UNK de l&apos; la la droits de la la la la UNK de la la Le de UNK de l&apos; la la la UNK de la UNK de la la l&apos; la la la la l&apos; UNK de la l&apos; la l&apos; la UNK de la

Input: Financial issues including amendment of the annex to the EMEP Protocol <eol>
Target: Questions financières , y compris l&apos; annexe révisée au Protocole de l&apos; EMEP ( EB.AIR / 2002 / 5 ) . <eol>
Input:   Financial issues including amendment of the annex to the EMEP Protocol <eol> 
Output:  la l&apos; la l&apos; UNK de la la la UNK de l&apos; la l&apos; UNK de la UNK de la UNK de la la la l&apos; la l&apos; UNK de la l&apos; UNK de la UNK de la la la UNK de la la la l&apos; UNK de l&apos; l&apos; UNK

Input: ( a ) The involvement of national NGOs and civil society in the preparation of the initial report of Latvia ; <eol>
Target: a ) La participation des ONG et de la société civile à l&apos; établissement du rapport initial de la Lettonie ; <eol>
Input:   ( a ) The involvement of national NGOs and civil society in the preparation of the initial report of Latvia ; <eol> 
Output:  la l&apos; l&apos; la l&apos; UNK de l&apos; l&apos; la l&apos; UNK de l&apos; la UNK de la la UNK de la la la la la la UNK de la la la UNK de la la UNK de UNK de la l&apos; UNK de la la la UNK de la la

Saving the model...
Model saved, took 6.6611969471
Saving the model...
Model saved, took 6.86275601387
Saving the model...
Model saved, took 6.7044479847
Took 46.7037730177 min
Average step took 1.90838384628
That amounts to 3621912.86279 sentences in a day
Average log2 per example is 235.04019165
